<?xml version="1.0" encoding="UTF-8"?>
<testsuite xmlns:xsi="http://www.w3.org/2001/XMLSchema-instance" xsi:noNamespaceSchemaLocation="https://maven.apache.org/surefire/maven-surefire-plugin/xsd/surefire-test-report.xsd" name="UIAbmModel.UIScenarioTest" time="0.006" tests="7" errors="0" skipped="0" failures="0">
  <properties>
    <property name="gopherProxySet" value="false"/>
    <property name="awt.toolkit" value="sun.lwawt.macosx.LWCToolkit"/>
    <property name="java.specification.version" value="11"/>
    <property name="sun.cpu.isalist" value=""/>
    <property name="sun.jnu.encoding" value="UTF-8"/>
    <property name="java.class.path" value="/Users/Carlistle/Documents/S8/Traffic Project/ABMVis/Projet4A/AbmVis/target/test-classes:/Users/Carlistle/Documents/S8/Traffic Project/ABMVis/Projet4A/AbmVis/target/classes:/Users/Carlistle/.m2/repository/org/junit/jupiter/junit-jupiter/5.4.2/junit-jupiter-5.4.2.jar:/Users/Carlistle/.m2/repository/org/junit/jupiter/junit-jupiter-api/5.4.2/junit-jupiter-api-5.4.2.jar:/Users/Carlistle/.m2/repository/org/apiguardian/apiguardian-api/1.0.0/apiguardian-api-1.0.0.jar:/Users/Carlistle/.m2/repository/org/opentest4j/opentest4j/1.1.1/opentest4j-1.1.1.jar:/Users/Carlistle/.m2/repository/org/junit/platform/junit-platform-commons/1.4.2/junit-platform-commons-1.4.2.jar:/Users/Carlistle/.m2/repository/org/junit/jupiter/junit-jupiter-params/5.4.2/junit-jupiter-params-5.4.2.jar:/Users/Carlistle/.m2/repository/org/junit/jupiter/junit-jupiter-engine/5.4.2/junit-jupiter-engine-5.4.2.jar:/Users/Carlistle/.m2/repository/org/junit/platform/junit-platform-engine/1.4.2/junit-platform-engine-1.4.2.jar:/Users/Carlistle/.m2/repository/org/json/json/20190722/json-20190722.jar:/Users/Carlistle/.m2/repository/org/openjfx/javafx-controls/11/javafx-controls-11.jar:/Users/Carlistle/.m2/repository/org/openjfx/javafx-controls/11/javafx-controls-11-mac.jar:/Users/Carlistle/.m2/repository/org/openjfx/javafx-graphics/11/javafx-graphics-11.jar:/Users/Carlistle/.m2/repository/org/openjfx/javafx-media/11/javafx-media-11-win.jar:/Users/Carlistle/.m2/repository/org/openjfx/javafx-media/11/javafx-media-11-mac.jar:/Users/Carlistle/.m2/repository/org/openjfx/javafx-graphics/11/javafx-graphics-11-win.jar:/Users/Carlistle/.m2/repository/org/openjfx/javafx-graphics/11/javafx-graphics-11-mac.jar:/Users/Carlistle/.m2/repository/org/openjfx/javafx-base/11/javafx-base-11.jar:/Users/Carlistle/.m2/repository/org/openjfx/javafx-base/11/javafx-base-11-mac.jar:/Users/Carlistle/.m2/repository/org/openjfx/javafx-fxml/11/javafx-fxml-11.jar:/Users/Carlistle/.m2/repository/org/openjfx/javafx-fxml/11/javafx-fxml-11-mac.jar:/Users/Carlistle/.m2/repository/com/google/guava/guava/28.0-jre/guava-28.0-jre.jar:/Users/Carlistle/.m2/repository/com/google/guava/failureaccess/1.0.1/failureaccess-1.0.1.jar:/Users/Carlistle/.m2/repository/com/google/guava/listenablefuture/9999.0-empty-to-avoid-conflict-with-guava/listenablefuture-9999.0-empty-to-avoid-conflict-with-guava.jar:/Users/Carlistle/.m2/repository/com/google/code/findbugs/jsr305/3.0.2/jsr305-3.0.2.jar:/Users/Carlistle/.m2/repository/org/checkerframework/checker-qual/2.8.1/checker-qual-2.8.1.jar:/Users/Carlistle/.m2/repository/com/google/errorprone/error_prone_annotations/2.3.2/error_prone_annotations-2.3.2.jar:/Users/Carlistle/.m2/repository/com/google/j2objc/j2objc-annotations/1.3/j2objc-annotations-1.3.jar:/Users/Carlistle/.m2/repository/org/codehaus/mojo/animal-sniffer-annotations/1.17/animal-sniffer-annotations-1.17.jar:/Users/Carlistle/.m2/repository/com/puppycrawl/tools/checkstyle/8.31/checkstyle-8.31.jar:/Users/Carlistle/.m2/repository/info/picocli/picocli/4.2.0/picocli-4.2.0.jar:/Users/Carlistle/.m2/repository/antlr/antlr/2.7.7/antlr-2.7.7.jar:/Users/Carlistle/.m2/repository/org/antlr/antlr4-runtime/4.8-1/antlr4-runtime-4.8-1.jar:/Users/Carlistle/.m2/repository/commons-beanutils/commons-beanutils/1.9.4/commons-beanutils-1.9.4.jar:/Users/Carlistle/.m2/repository/commons-logging/commons-logging/1.2/commons-logging-1.2.jar:/Users/Carlistle/.m2/repository/commons-collections/commons-collections/3.2.2/commons-collections-3.2.2.jar:/Users/Carlistle/.m2/repository/net/sf/saxon/Saxon-HE/9.9.1-7/Saxon-HE-9.9.1-7.jar:"/>
    <property name="java.vm.vendor" value="JetBrains s.r.o"/>
    <property name="sun.arch.data.model" value="64"/>
    <property name="java.vendor.url" value="https://www.jetbrains.com/"/>
    <property name="user.timezone" value=""/>
    <property name="java.vm.specification.version" value="11"/>
    <property name="os.name" value="Mac OS X"/>
    <property name="sun.java.launcher" value="SUN_STANDARD"/>
    <property name="user.country" value="US"/>
    <property name="sun.boot.library.path" value="/Applications/IntelliJ IDEA.app/Contents/jbr/Contents/Home/lib"/>
    <property name="sun.java.command" value="/Users/Carlistle/Documents/S8/Traffic Project/ABMVis/Projet4A/AbmVis/target/surefire/surefirebooter15402558293662019303.jar /Users/Carlistle/Documents/S8/Traffic Project/ABMVis/Projet4A/AbmVis/target/surefire 2020-04-15T16-47-28_329-jvmRun1 surefire5837385316221543202tmp surefire_014796893173673524065tmp"/>
    <property name="http.nonProxyHosts" value="local|*.local|169.254/16|*.169.254/16"/>
    <property name="jdk.debug" value="release"/>
    <property name="surefire.test.class.path" value="/Users/Carlistle/Documents/S8/Traffic Project/ABMVis/Projet4A/AbmVis/target/test-classes:/Users/Carlistle/Documents/S8/Traffic Project/ABMVis/Projet4A/AbmVis/target/classes:/Users/Carlistle/.m2/repository/org/junit/jupiter/junit-jupiter/5.4.2/junit-jupiter-5.4.2.jar:/Users/Carlistle/.m2/repository/org/junit/jupiter/junit-jupiter-api/5.4.2/junit-jupiter-api-5.4.2.jar:/Users/Carlistle/.m2/repository/org/apiguardian/apiguardian-api/1.0.0/apiguardian-api-1.0.0.jar:/Users/Carlistle/.m2/repository/org/opentest4j/opentest4j/1.1.1/opentest4j-1.1.1.jar:/Users/Carlistle/.m2/repository/org/junit/platform/junit-platform-commons/1.4.2/junit-platform-commons-1.4.2.jar:/Users/Carlistle/.m2/repository/org/junit/jupiter/junit-jupiter-params/5.4.2/junit-jupiter-params-5.4.2.jar:/Users/Carlistle/.m2/repository/org/junit/jupiter/junit-jupiter-engine/5.4.2/junit-jupiter-engine-5.4.2.jar:/Users/Carlistle/.m2/repository/org/junit/platform/junit-platform-engine/1.4.2/junit-platform-engine-1.4.2.jar:/Users/Carlistle/.m2/repository/org/json/json/20190722/json-20190722.jar:/Users/Carlistle/.m2/repository/org/openjfx/javafx-controls/11/javafx-controls-11.jar:/Users/Carlistle/.m2/repository/org/openjfx/javafx-controls/11/javafx-controls-11-mac.jar:/Users/Carlistle/.m2/repository/org/openjfx/javafx-graphics/11/javafx-graphics-11.jar:/Users/Carlistle/.m2/repository/org/openjfx/javafx-media/11/javafx-media-11-win.jar:/Users/Carlistle/.m2/repository/org/openjfx/javafx-media/11/javafx-media-11-mac.jar:/Users/Carlistle/.m2/repository/org/openjfx/javafx-graphics/11/javafx-graphics-11-win.jar:/Users/Carlistle/.m2/repository/org/openjfx/javafx-graphics/11/javafx-graphics-11-mac.jar:/Users/Carlistle/.m2/repository/org/openjfx/javafx-base/11/javafx-base-11.jar:/Users/Carlistle/.m2/repository/org/openjfx/javafx-base/11/javafx-base-11-mac.jar:/Users/Carlistle/.m2/repository/org/openjfx/javafx-fxml/11/javafx-fxml-11.jar:/Users/Carlistle/.m2/repository/org/openjfx/javafx-fxml/11/javafx-fxml-11-mac.jar:/Users/Carlistle/.m2/repository/com/google/guava/guava/28.0-jre/guava-28.0-jre.jar:/Users/Carlistle/.m2/repository/com/google/guava/failureaccess/1.0.1/failureaccess-1.0.1.jar:/Users/Carlistle/.m2/repository/com/google/guava/listenablefuture/9999.0-empty-to-avoid-conflict-with-guava/listenablefuture-9999.0-empty-to-avoid-conflict-with-guava.jar:/Users/Carlistle/.m2/repository/com/google/code/findbugs/jsr305/3.0.2/jsr305-3.0.2.jar:/Users/Carlistle/.m2/repository/org/checkerframework/checker-qual/2.8.1/checker-qual-2.8.1.jar:/Users/Carlistle/.m2/repository/com/google/errorprone/error_prone_annotations/2.3.2/error_prone_annotations-2.3.2.jar:/Users/Carlistle/.m2/repository/com/google/j2objc/j2objc-annotations/1.3/j2objc-annotations-1.3.jar:/Users/Carlistle/.m2/repository/org/codehaus/mojo/animal-sniffer-annotations/1.17/animal-sniffer-annotations-1.17.jar:/Users/Carlistle/.m2/repository/com/puppycrawl/tools/checkstyle/8.31/checkstyle-8.31.jar:/Users/Carlistle/.m2/repository/info/picocli/picocli/4.2.0/picocli-4.2.0.jar:/Users/Carlistle/.m2/repository/antlr/antlr/2.7.7/antlr-2.7.7.jar:/Users/Carlistle/.m2/repository/org/antlr/antlr4-runtime/4.8-1/antlr4-runtime-4.8-1.jar:/Users/Carlistle/.m2/repository/commons-beanutils/commons-beanutils/1.9.4/commons-beanutils-1.9.4.jar:/Users/Carlistle/.m2/repository/commons-logging/commons-logging/1.2/commons-logging-1.2.jar:/Users/Carlistle/.m2/repository/commons-collections/commons-collections/3.2.2/commons-collections-3.2.2.jar:/Users/Carlistle/.m2/repository/net/sf/saxon/Saxon-HE/9.9.1-7/Saxon-HE-9.9.1-7.jar:"/>
    <property name="sun.cpu.endian" value="little"/>
    <property name="user.home" value="/Users/Carlistle"/>
    <property name="user.language" value="en"/>
    <property name="java.specification.vendor" value="Oracle Corporation"/>
    <property name="java.version.date" value="2019-10-15"/>
    <property name="java.home" value="/Applications/IntelliJ IDEA.app/Contents/jbr/Contents/Home"/>
    <property name="file.separator" value="/"/>
    <property name="basedir" value="/Users/Carlistle/Documents/S8/Traffic Project/ABMVis/Projet4A/AbmVis"/>
    <property name="java.vm.compressedOopsMode" value="Zero based"/>
    <property name="line.separator" value="&#10;"/>
    <property name="java.specification.name" value="Java Platform API Specification"/>
    <property name="java.vm.specification.vendor" value="Oracle Corporation"/>
    <property name="java.awt.graphicsenv" value="sun.awt.CGraphicsEnvironment"/>
    <property name="surefire.real.class.path" value="/Users/Carlistle/Documents/S8/Traffic Project/ABMVis/Projet4A/AbmVis/target/surefire/surefirebooter15402558293662019303.jar"/>
    <property name="sun.management.compiler" value="HotSpot 64-Bit Tiered Compilers"/>
    <property name="ftp.nonProxyHosts" value="local|*.local|169.254/16|*.169.254/16"/>
    <property name="java.runtime.version" value="11.0.5+10-b520.38"/>
    <property name="user.name" value="Carlistle"/>
    <property name="path.separator" value=":"/>
    <property name="os.version" value="10.15.4"/>
    <property name="java.runtime.name" value="OpenJDK Runtime Environment"/>
    <property name="file.encoding" value="UTF-8"/>
    <property name="java.vm.name" value="OpenJDK 64-Bit Server VM"/>
    <property name="localRepository" value="/Users/Carlistle/.m2/repository"/>
    <property name="java.vendor.url.bug" value="https://youtrack.jetbrains.com"/>
    <property name="java.io.tmpdir" value="/var/folders/2y/_bvs88d94k15j0_g3tfqfdxr0000gn/T/"/>
    <property name="java.version" value="11.0.5"/>
    <property name="user.dir" value="/Users/Carlistle/Documents/S8/Traffic Project/ABMVis/Projet4A/AbmVis"/>
    <property name="os.arch" value="x86_64"/>
    <property name="java.vm.specification.name" value="Java Virtual Machine Specification"/>
    <property name="java.awt.printerjob" value="sun.lwawt.macosx.CPrinterJob"/>
    <property name="sun.os.patch.level" value="unknown"/>
    <property name="idea.version2019.3.3" value="true"/>
    <property name="java.library.path" value="/Users/Carlistle/Library/Java/Extensions:/Library/Java/Extensions:/Network/Library/Java/Extensions:/System/Library/Java/Extensions:/usr/lib/java:."/>
    <property name="java.vendor" value="JetBrains s.r.o"/>
    <property name="java.vm.info" value="mixed mode"/>
    <property name="java.vm.version" value="11.0.5+10-b520.38"/>
    <property name="sun.io.unicode.encoding" value="UnicodeBig"/>
    <property name="java.class.version" value="55.0"/>
    <property name="socksNonProxyHosts" value="local|*.local|169.254/16|*.169.254/16"/>
  </properties>
  <testcase name="ScenarioWithVehicle" classname="UIAbmModel.UIScenarioTest" time="0"/>
  <testcase name="ScenarioWithLink" classname="UIAbmModel.UIScenarioTest" time="0"/>
  <testcase name="ScenarioWithNode" classname="UIAbmModel.UIScenarioTest" time="0"/>
  <testcase name="ScenarioWithPerson" classname="UIAbmModel.UIScenarioTest" time="0"/>
  <testcase name="goTo" classname="UIAbmModel.UIScenarioTest" time="0"/>
  <testcase name="ScenarioWithFacility" classname="UIAbmModel.UIScenarioTest" time="0"/>
  <testcase name="ScenarioWithEvent" classname="UIAbmModel.UIScenarioTest" time="0.001"/>
</testsuite>